# JRE version: Java(TM) SE Runtime Environment (8.0_45-b14) (build 1.8.0_45-b14)
# Java VM: Java HotSpot(TM) 64-Bit Server VM (25.45-b02 mixed mode bsd-amd64 compressed oops)
Heap:
 PSYoungGen      total 73216K, used 24556K [0x000000076ab00000, 0x0000000770000000, 0x00000007c0000000)
  eden space 62464K, 25% used [0x000000076ab00000,0x000000076ba4e798,0x000000076e800000)
  from space 10752K, 82% used [0x000000076f580000,0x000000076fe2cab0,0x0000000770000000)
  to   space 12288K, 0% used [0x000000076e800000,0x000000076e800000,0x000000076f400000)
 ParOldGen       total 175104K, used 336K [0x00000006c0000000, 0x00000006cab00000, 0x000000076ab00000)
  object space 175104K, 0% used [0x00000006c0000000,0x00000006c0054000,0x00000006cab00000)
 Metaspace       used 18453K, capacity 19512K, committed 19584K, reserved 1067008K
  class space    used 2458K, capacity 2675K, committed 2688K, reserved 1048576K
GC Heap History (10 events):
Event: 25.495 GC heap before
{Heap before GC invocations=2 (full 0):
 PSYoungGen      total 76288K, used 76096K [0x000000076ab00000, 0x0000000770000000, 0x00000007c0000000)
  eden space 65536K, 100% used [0x000000076ab00000,0x000000076eb00000,0x000000076eb00000)
  from space 10752K, 98% used [0x000000076eb00000,0x000000076f550060,0x000000076f580000)
  to   space 10752K, 0% used [0x000000076f580000,0x000000076f580000,0x0000000770000000)
 ParOldGen       total 175104K, used 16K [0x00000006c0000000, 0x00000006cab00000, 0x000000076ab00000)
  object space 175104K, 0% used [0x00000006c0000000,0x00000006c0004000,0x00000006cab00000)
 Metaspace       used 18247K, capacity 19238K, committed 19328K, reserved 1067008K
  class space    used 2440K, capacity 2654K, committed 2688K, reserved 1048576K
Event: 25.506 GC heap after
Heap after GC invocations=2 (full 0):
 PSYoungGen      total 76288K, used 8450K [0x000000076ab00000, 0x0000000770000000, 0x00000007c0000000)
  eden space 65536K, 0% used [0x000000076ab00000,0x000000076ab00000,0x000000076eb00000)
  from space 10752K, 78% used [0x000000076f580000,0x000000076fdc0ac0,0x0000000770000000)
  to   space 10752K, 0% used [0x000000076eb00000,0x000000076eb00000,0x000000076f580000)
 ParOldGen       total 175104K, used 32K [0x00000006c0000000, 0x00000006cab00000, 0x000000076ab00000)
  object space 175104K, 0% used [0x00000006c0000000,0x00000006c0008000,0x00000006cab00000)
 Metaspace       used 18247K, capacity 19238K, committed 19328K, reserved 1067008K
  class space    used 2440K, capacity 2654K, committed 2688K, reserved 1048576K
}
Event: 35.628 GC heap before
{Heap before GC invocations=3 (full 0):
 PSYoungGen      total 76288K, used 73986K [0x000000076ab00000, 0x0000000770000000, 0x00000007c0000000)
  eden space 65536K, 100% used [0x000000076ab00000,0x000000076eb00000,0x000000076eb00000)
  from space 10752K, 78% used [0x000000076f580000,0x000000076fdc0ac0,0x0000000770000000)
  to   space 10752K, 0% used [0x000000076eb00000,0x000000076eb00000,0x000000076f580000)
 ParOldGen       total 175104K, used 32K [0x00000006c0000000, 0x00000006cab00000, 0x000000076ab00000)
  object space 175104K, 0% used [0x00000006c0000000,0x00000006c0008000,0x00000006cab00000)
 Metaspace       used 18303K, capacity 19302K, committed 19584K, reserved 1067008K
  class space    used 2441K, capacity 2654K, committed 2688K, reserved 1048576K
Event: 35.639 GC heap after
Heap after GC invocations=3 (full 0):
 PSYoungGen      total 76288K, used 10594K [0x000000076ab00000, 0x0000000770000000, 0x00000007c0000000)
  eden space 65536K, 0% used [0x000000076ab00000,0x000000076ab00000,0x000000076eb00000)
  from space 10752K, 98% used [0x000000076eb00000,0x000000076f558ad0,0x000000076f580000)
  to   space 10752K, 0% used [0x000000076f580000,0x000000076f580000,0x0000000770000000)
 ParOldGen       total 175104K, used 40K [0x00000006c0000000, 0x00000006cab00000, 0x000000076ab00000)
  object space 175104K, 0% used [0x00000006c0000000,0x00000006c000a000,0x00000006cab00000)
 Metaspace       used 18303K, capacity 19302K, committed 19584K, reserved 1067008K
  class space    used 2441K, capacity 2654K, committed 2688K, reserved 1048576K
}
Event: 45.755 GC heap before
{Heap before GC invocations=4 (full 0):
 PSYoungGen      total 76288K, used 76130K [0x000000076ab00000, 0x0000000770000000, 0x00000007c0000000)
  eden space 65536K, 100% used [0x000000076ab00000,0x000000076eb00000,0x000000076eb00000)
  from space 10752K, 98% used [0x000000076eb00000,0x000000076f558ad0,0x000000076f580000)
  to   space 10752K, 0% used [0x000000076f580000,0x000000076f580000,0x0000000770000000)
 ParOldGen       total 175104K, used 40K [0x00000006c0000000, 0x00000006cab00000, 0x000000076ab00000)
  object space 175104K, 0% used [0x00000006c0000000,0x00000006c000a000,0x00000006cab00000)
 Metaspace       used 18322K, capacity 19302K, committed 19584K, reserved 1067008K
  class space    used 2441K, capacity 2654K, committed 2688K, reserved 1048576K
Event: 45.765 GC heap after
Heap after GC invocations=4 (full 0):
 PSYoungGen      total 76288K, used 10672K [0x000000076ab00000, 0x0000000770000000, 0x00000007c0000000)
  eden space 65536K, 0% used [0x000000076ab00000,0x000000076ab00000,0x000000076eb00000)
  from space 10752K, 99% used [0x000000076f580000,0x000000076ffec070,0x0000000770000000)
  to   space 10752K, 0% used [0x000000076eb00000,0x000000076eb00000,0x000000076f580000)
 ParOldGen       total 175104K, used 48K [0x00000006c0000000, 0x00000006cab00000, 0x000000076ab00000)
  object space 175104K, 0% used [0x00000006c0000000,0x00000006c000c000,0x00000006cab00000)
 Metaspace       used 18322K, capacity 19302K, committed 19584K, reserved 1067008K
  class space    used 2441K, capacity 2654K, committed 2688K, reserved 1048576K
}
Event: 55.211 GC heap before
{Heap before GC invocations=5 (full 0):
 PSYoungGen      total 76288K, used 76208K [0x000000076ab00000, 0x0000000770000000, 0x00000007c0000000)
  eden space 65536K, 100% used [0x000000076ab00000,0x000000076eb00000,0x000000076eb00000)
  from space 10752K, 99% used [0x000000076f580000,0x000000076ffec070,0x0000000770000000)
  to   space 10752K, 0% used [0x000000076eb00000,0x000000076eb00000,0x000000076f580000)
 ParOldGen       total 175104K, used 48K [0x00000006c0000000, 0x00000006cab00000, 0x000000076ab00000)
  object space 175104K, 0% used [0x00000006c0000000,0x00000006c000c000,0x00000006cab00000)
 Metaspace       used 18420K, capacity 19394K, committed 19584K, reserved 1067008K
  class space    used 2451K, capacity 2664K, committed 2688K, reserved 1048576K
Event: 55.222 GC heap after
Heap after GC invocations=5 (full 0):
 PSYoungGen      total 74752K, used 10720K [0x000000076ab00000, 0x0000000770180000, 0x00000007c0000000)
  eden space 64000K, 0% used [0x000000076ab00000,0x000000076ab00000,0x000000076e980000)
  from space 10752K, 99% used [0x000000076eb00000,0x000000076f578060,0x000000076f580000)
  to   space 12288K, 0% used [0x000000076f580000,0x000000076f580000,0x0000000770180000)
 ParOldGen       total 175104K, used 328K [0x00000006c0000000, 0x00000006cab00000, 0x000000076ab00000)
  object space 175104K, 0% used [0x00000006c0000000,0x00000006c0052000,0x00000006cab00000)
 Metaspace       used 18420K, capacity 19394K, committed 19584K, reserved 1067008K
  class space    used 2451K, capacity 2664K, committed 2688K, reserved 1048576K
}
Event: 65.395 GC heap before
{Heap before GC invocations=6 (full 0):
 PSYoungGen      total 74752K, used 74720K [0x000000076ab00000, 0x0000000770180000, 0x00000007c0000000)
  eden space 64000K, 100% used [0x000000076ab00000,0x000000076e980000,0x000000076e980000)
  from space 10752K, 99% used [0x000000076eb00000,0x000000076f578060,0x000000076f580000)
  to   space 12288K, 0% used [0x000000076f580000,0x000000076f580000,0x0000000770180000)
 ParOldGen       total 175104K, used 328K [0x00000006c0000000, 0x00000006cab00000, 0x000000076ab00000)
  object space 175104K, 0% used [0x00000006c0000000,0x00000006c0052000,0x00000006cab00000)
 Metaspace       used 18421K, capacity 19394K, committed 19584K, reserved 1067008K
  class space    used 2451K, capacity 2664K, committed 2688K, reserved 1048576K
Event: 65.407 GC heap after
Heap after GC invocations=6 (full 0):
 PSYoungGen      total 73216K, used 8882K [0x000000076ab00000, 0x0000000770000000, 0x00000007c0000000)
  eden space 62464K, 0% used [0x000000076ab00000,0x000000076ab00000,0x000000076e800000)
  from space 10752K, 82% used [0x000000076f580000,0x000000076fe2cab0,0x0000000770000000)
  to   space 12288K, 0% used [0x000000076e800000,0x000000076e800000,0x000000076f400000)
 ParOldGen       total 175104K, used 336K [0x00000006c0000000, 0x00000006cab00000, 0x000000076ab00000)
  object space 175104K, 0% used [0x00000006c0000000,0x00000006c0054000,0x00000006cab00000)
 Metaspace       used 18421K, capacity 19394K, committed 19584K, reserved 1067008K
  class space    used 2451K, capacity 2664K, committed 2688K, reserved 1048576K
}

